빌드 시작: 2018-02-08 오후 5:35:55
     1>2 노드의 "C:\Users\user\Desktop\렉토플젝\렉토플젝(진황)\렉토플젝(진황)\렉토플젝(진황).vcxproj" 프로젝트(build 대상)입니다.
     1>InitializeBuildStatus:
         "AlwaysCreate"이(가) 지정되었기 때문에 "Debug\렉토플젝(진황).unsuccessfulbuild"을(를) 만들고 있습니다.
       ClCompile:
         C:\Program Files (x86)\Microsoft Visual Studio 10.0\VC\bin\CL.exe /c /ZI /nologo /W3 /WX- /Od /Oy- /D WIN32 /D _DEBUG /D _CONSOLE /D _UNICODE /D UNICODE /Gm /EHsc /RTC1 /MDd /GS /fp:precise /Zc:wchar_t /Zc:forScope /Fo"Debug\\" /Fd"Debug\vc100.pdb" /Gd /TP /analyze- /errorReport:prompt customer.cpp
         customer.cpp
     1>c:\users\user\desktop\렉토플젝\렉토플젝(진황)\렉토플젝(진황)\customer.cpp(25): warning C4390: ';' : 제어된 빈 문이 있습니다. 이 문이 필요합니까?
       ManifestResourceCompile:
         모든 출력이 최신 상태입니다.
       Link:
         C:\Program Files (x86)\Microsoft Visual Studio 10.0\VC\bin\link.exe /ERRORREPORT:PROMPT /OUT:"C:\Users\user\Desktop\렉토플젝\렉토플젝(진황)\Debug\렉토플젝(진황).exe" /INCREMENTAL /NOLOGO kernel32.lib user32.lib gdi32.lib winspool.lib comdlg32.lib advapi32.lib shell32.lib ole32.lib oleaut32.lib uuid.lib odbc32.lib odbccp32.lib /MANIFEST /ManifestFile:"Debug\렉토플젝(진황).exe.intermediate.manifest" /MANIFESTUAC:"level='asInvoker' uiAccess='false'" /DEBUG /PDB:"C:\Users\user\Desktop\렉토플젝\렉토플젝(진황)\Debug\렉토플젝(진황).pdb" /SUBSYSTEM:CONSOLE /TLBID:1 /DYNAMICBASE /NXCOMPAT /IMPLIB:"C:\Users\user\Desktop\렉토플젝\렉토플젝(진황)\Debug\렉토플젝(진황).lib" /MACHINE:X86 "Debug\렉토플젝(진황).exe.embed.manifest.res"
         Debug\customer.obj
         Debug\dataType.obj
         Debug\LinkedList.obj
         Debug\testMain.obj
       Manifest:
         C:\Program Files (x86)\Microsoft SDKs\Windows\v7.0A\bin\mt.exe /nologo /verbose /out:"Debug\렉토플젝(진황).exe.embed.manifest" /manifest "Debug\렉토플젝(진황).exe.intermediate.manifest"
         모든 출력이 최신 상태입니다.
       LinkEmbedManifest:
         모든 출력이 최신 상태입니다.
         렉토플젝(진황).vcxproj -> C:\Users\user\Desktop\렉토플젝\렉토플젝(진황)\Debug\렉토플젝(진황).exe
       FinalizeBuildStatus:
         "Debug\렉토플젝(진황).unsuccessfulbuild" 파일을 삭제하고 있습니다.
         "Debug\렉토플젝(진황).lastbuildstate"에 연결(touching)하고 있습니다.
     1>"C:\Users\user\Desktop\렉토플젝\렉토플젝(진황)\렉토플젝(진황)\렉토플젝(진황).vcxproj" 프로젝트를 빌드했습니다(build 대상).

빌드했습니다.

경과 시간: 00:00:02.64
